2026-01-01 12:46:55,846 - ai.ai_engine - WARNING - Quantum computing libraries not available - running in classical mode
2026-01-01 12:46:55,847 - ai.ai_engine - WARNING - Federated learning libraries not available
2026-01-01 12:46:55,847 - ai.ai_engine - WARNING - Causal inference libraries not available
2026-01-01 12:46:55,848 - ai.ai_engine - WARNING - Meta-learning libraries not available
2026-01-01 12:46:55,848 - ai.ai_engine - WARNING - Self-supervised learning libraries not available
2026-01-01 12:46:55,931 - ai.ai_engine - WARNING - Multi-modal learning libraries not available
2026-01-01 12:46:55,932 - ai.ai_engine - WARNING - Neural architecture search libraries not available
2026-01-01 12:46:55,933 - ai.ai_engine - WARNING - Advanced Bayesian optimization libraries not available
2026-01-01 12:46:55,933 - ai.ai_engine - WARNING - Real-time adaptation libraries not available
2026-01-01 12:46:55,934 - ai.ai_engine - WARNING - Cognitive computing libraries not available
2026-01-01 12:47:06,373 - ai.ai_engine - WARNING - Quantum computing libraries not available - running in classical mode
2026-01-01 12:47:06,374 - ai.ai_engine - WARNING - Federated learning libraries not available
2026-01-01 12:47:06,374 - ai.ai_engine - WARNING - Causal inference libraries not available
2026-01-01 12:47:06,376 - ai.ai_engine - WARNING - Meta-learning libraries not available
2026-01-01 12:47:06,376 - ai.ai_engine - WARNING - Self-supervised learning libraries not available
2026-01-01 12:47:06,431 - ai.ai_engine - WARNING - Multi-modal learning libraries not available
2026-01-01 12:47:06,431 - ai.ai_engine - WARNING - Neural architecture search libraries not available
2026-01-01 12:47:06,432 - ai.ai_engine - WARNING - Advanced Bayesian optimization libraries not available
2026-01-01 12:47:06,433 - ai.ai_engine - WARNING - Real-time adaptation libraries not available
2026-01-01 12:47:06,433 - ai.ai_engine - WARNING - Cognitive computing libraries not available
2026-01-01 12:47:06,508 - ai.ai_engine - WARNING - Quantum computing libraries not available - running in classical mode
2026-01-01 12:47:06,509 - ai.ai_engine - WARNING - Federated learning libraries not available
2026-01-01 12:47:06,509 - ai.ai_engine - WARNING - Causal inference libraries not available
2026-01-01 12:47:06,510 - ai.ai_engine - WARNING - Meta-learning libraries not available
2026-01-01 12:47:06,511 - ai.ai_engine - WARNING - Self-supervised learning libraries not available
2026-01-01 12:47:06,511 - ai.ai_engine - WARNING - Multi-modal learning libraries not available
2026-01-01 12:47:06,511 - ai.ai_engine - WARNING - Neural architecture search libraries not available
2026-01-01 12:47:06,512 - ai.ai_engine - WARNING - Advanced Bayesian optimization libraries not available
2026-01-01 12:47:06,513 - ai.ai_engine - WARNING - Real-time adaptation libraries not available
2026-01-01 12:47:06,513 - ai.ai_engine - WARNING - Cognitive computing libraries not available
2026-01-01 12:47:06,554 - watchfiles.main - INFO - 1 change detected
2026-01-01 12:47:06,696 - main - WARNING - AI Engine initialization failed: not enough values to unpack (expected 5, got 4)
2026-01-01 12:47:06,907 - watchfiles.main - INFO - 1 change detected
2026-01-01 12:47:07,267 - watchfiles.main - INFO - 1 change detected
2026-01-01 12:47:07,678 - watchfiles.main - INFO - 1 change detected
2026-01-01 12:47:08,082 - watchfiles.main - INFO - 1 change detected
2026-01-01 12:47:08,486 - watchfiles.main - INFO - 1 change detected
2026-01-01 12:47:08,891 - watchfiles.main - INFO - 1 change detected
2026-01-01 12:47:09,294 - watchfiles.main - INFO - 1 change detected
2026-01-01 12:47:09,702 - watchfiles.main - INFO - 1 change detected
2026-01-01 12:47:10,106 - watchfiles.main - INFO - 1 change detected
2026-01-01 12:47:10,509 - watchfiles.main - INFO - 1 change detected
2026-01-01 12:47:10,917 - watchfiles.main - INFO - 1 change detected
2026-01-01 12:47:11,323 - watchfiles.main - INFO - 1 change detected
2026-01-01 12:47:11,730 - watchfiles.main - INFO - 1 change detected
2026-01-01 12:47:12,134 - watchfiles.main - INFO - 1 change detected
2026-01-01 12:47:12,536 - watchfiles.main - INFO - 1 change detected
2026-01-01 12:47:12,945 - watchfiles.main - INFO - 1 change detected
2026-01-01 12:47:13,303 - watchfiles.main - INFO - 1 change detected
2026-01-01 12:47:13,707 - watchfiles.main - INFO - 1 change detected
2026-01-01 12:47:14,108 - watchfiles.main - INFO - 1 change detected
2026-01-01 12:47:14,514 - watchfiles.main - INFO - 1 change detected
2026-01-01 12:47:14,918 - watchfiles.main - INFO - 1 change detected
2026-01-01 12:47:15,323 - watchfiles.main - INFO - 1 change detected
2026-01-01 12:47:15,729 - watchfiles.main - INFO - 1 change detected
2026-01-01 12:47:16,132 - watchfiles.main - INFO - 1 change detected
2026-01-01 12:47:16,536 - watchfiles.main - INFO - 1 change detected
2026-01-01 12:47:16,937 - watchfiles.main - INFO - 1 change detected
2026-01-01 12:47:17,343 - watchfiles.main - INFO - 1 change detected
2026-01-01 12:47:17,749 - watchfiles.main - INFO - 1 change detected
2026-01-01 12:47:18,152 - watchfiles.main - INFO - 1 change detected
2026-01-01 12:47:18,566 - watchfiles.main - INFO - 1 change detected
2026-01-01 12:47:18,972 - watchfiles.main - INFO - 1 change detected
2026-01-01 12:47:19,376 - watchfiles.main - INFO - 1 change detected
2026-01-01 12:47:19,780 - watchfiles.main - INFO - 1 change detected
2026-01-01 12:47:20,186 - watchfiles.main - INFO - 1 change detected
2026-01-01 12:47:20,594 - watchfiles.main - INFO - 1 change detected
2026-01-01 12:47:20,947 - watchfiles.main - INFO - 1 change detected
2026-01-01 12:47:21,357 - watchfiles.main - INFO - 1 change detected
2026-01-01 12:47:21,767 - watchfiles.main - INFO - 1 change detected
2026-01-01 12:47:22,172 - watchfiles.main - INFO - 1 change detected
2026-01-01 12:47:22,575 - watchfiles.main - INFO - 1 change detected
2026-01-01 12:47:22,980 - watchfiles.main - INFO - 1 change detected
2026-01-01 12:47:23,384 - watchfiles.main - INFO - 1 change detected
2026-01-01 12:47:23,790 - watchfiles.main - INFO - 1 change detected
2026-01-01 12:47:24,195 - watchfiles.main - INFO - 1 change detected
2026-01-01 12:47:24,598 - watchfiles.main - INFO - 1 change detected
2026-01-01 12:47:25,001 - watchfiles.main - INFO - 1 change detected
2026-01-01 12:47:25,410 - watchfiles.main - INFO - 1 change detected
2026-01-01 12:47:25,815 - watchfiles.main - INFO - 1 change detected
2026-01-01 12:47:26,219 - watchfiles.main - INFO - 1 change detected
2026-01-01 12:47:26,627 - watchfiles.main - INFO - 1 change detected
2026-01-01 12:47:27,031 - watchfiles.main - INFO - 1 change detected
2026-01-01 12:47:27,437 - watchfiles.main - INFO - 1 change detected
2026-01-01 12:47:27,839 - watchfiles.main - INFO - 1 change detected
2026-01-01 12:47:28,242 - watchfiles.main - INFO - 1 change detected
2026-01-01 12:47:28,646 - watchfiles.main - INFO - 1 change detected
2026-01-01 12:47:29,052 - watchfiles.main - INFO - 1 change detected
2026-01-01 12:47:29,455 - watchfiles.main - INFO - 1 change detected
2026-01-01 12:47:29,858 - watchfiles.main - INFO - 1 change detected
2026-01-01 12:47:30,265 - watchfiles.main - INFO - 1 change detected
2026-01-01 12:47:30,670 - watchfiles.main - INFO - 1 change detected
2026-01-01 12:47:31,073 - watchfiles.main - INFO - 1 change detected
2026-01-01 12:47:31,477 - watchfiles.main - INFO - 1 change detected
2026-01-01 12:47:31,881 - watchfiles.main - INFO - 1 change detected
2026-01-01 12:47:32,287 - watchfiles.main - INFO - 1 change detected
2026-01-01 12:47:32,643 - watchfiles.main - INFO - 1 change detected
2026-01-01 12:47:33,055 - watchfiles.main - INFO - 1 change detected
2026-01-01 12:47:33,460 - watchfiles.main - INFO - 1 change detected
2026-01-01 12:47:33,866 - watchfiles.main - INFO - 1 change detected
2026-01-01 12:47:34,271 - watchfiles.main - INFO - 1 change detected
2026-01-01 12:47:34,675 - watchfiles.main - INFO - 1 change detected
2026-01-01 12:47:35,082 - watchfiles.main - INFO - 1 change detected
2026-01-01 12:47:35,494 - watchfiles.main - INFO - 1 change detected
2026-01-01 12:47:35,900 - watchfiles.main - INFO - 1 change detected
2026-01-01 12:47:36,304 - watchfiles.main - INFO - 1 change detected
2026-01-01 12:47:36,711 - watchfiles.main - INFO - 1 change detected
2026-01-01 12:47:37,114 - watchfiles.main - INFO - 1 change detected
2026-01-01 12:47:37,520 - watchfiles.main - INFO - 1 change detected
2026-01-01 12:47:37,925 - watchfiles.main - INFO - 1 change detected
2026-01-01 12:47:38,281 - watchfiles.main - INFO - 1 change detected
2026-01-01 12:47:38,688 - watchfiles.main - INFO - 1 change detected
2026-01-01 12:47:39,144 - watchfiles.main - INFO - 1 change detected
2026-01-01 12:47:39,497 - watchfiles.main - INFO - 1 change detected
2026-01-01 12:47:39,908 - watchfiles.main - INFO - 1 change detected
2026-01-01 12:47:40,313 - watchfiles.main - INFO - 1 change detected
2026-01-01 12:47:40,718 - watchfiles.main - INFO - 1 change detected
2026-01-01 12:47:41,123 - watchfiles.main - INFO - 1 change detected
2026-01-01 12:47:41,528 - watchfiles.main - INFO - 1 change detected
2026-01-01 12:47:41,930 - watchfiles.main - INFO - 1 change detected
2026-01-01 12:47:42,336 - watchfiles.main - INFO - 1 change detected
2026-01-01 12:47:42,745 - watchfiles.main - INFO - 1 change detected
2026-01-01 12:47:43,149 - watchfiles.main - INFO - 1 change detected
2026-01-01 12:47:43,554 - watchfiles.main - INFO - 1 change detected
2026-01-01 12:47:43,959 - watchfiles.main - INFO - 1 change detected
2026-01-01 12:47:44,365 - watchfiles.main - INFO - 1 change detected
2026-01-01 12:47:44,720 - watchfiles.main - INFO - 1 change detected
2026-01-01 12:47:45,129 - watchfiles.main - INFO - 1 change detected
2026-01-01 12:47:45,532 - watchfiles.main - INFO - 1 change detected
2026-01-01 12:47:45,940 - watchfiles.main - INFO - 1 change detected
2026-01-01 12:47:46,346 - watchfiles.main - INFO - 1 change detected
2026-01-01 12:47:46,748 - watchfiles.main - INFO - 1 change detected
2026-01-01 12:47:47,158 - watchfiles.main - INFO - 1 change detected
2026-01-01 12:47:47,565 - watchfiles.main - INFO - 1 change detected
2026-01-01 12:49:33,249 - ai.ai_engine - WARNING - Quantum computing libraries not available - running in classical mode
2026-01-01 12:49:33,249 - ai.ai_engine - WARNING - Federated learning libraries not available
2026-01-01 12:49:33,250 - ai.ai_engine - WARNING - Causal inference libraries not available
2026-01-01 12:49:33,250 - ai.ai_engine - WARNING - Meta-learning libraries not available
2026-01-01 12:49:33,251 - ai.ai_engine - WARNING - Self-supervised learning libraries not available
2026-01-01 12:49:33,305 - ai.ai_engine - WARNING - Multi-modal learning libraries not available
2026-01-01 12:49:33,306 - ai.ai_engine - WARNING - Neural architecture search libraries not available
2026-01-01 12:49:33,306 - ai.ai_engine - WARNING - Advanced Bayesian optimization libraries not available
2026-01-01 12:49:33,308 - ai.ai_engine - WARNING - Real-time adaptation libraries not available
2026-01-01 12:49:33,308 - ai.ai_engine - WARNING - Cognitive computing libraries not available
2026-01-01 12:49:43,836 - ai.ai_engine - WARNING - Quantum computing libraries not available - running in classical mode
2026-01-01 12:49:43,837 - ai.ai_engine - WARNING - Federated learning libraries not available
2026-01-01 12:49:43,838 - ai.ai_engine - WARNING - Causal inference libraries not available
2026-01-01 12:49:43,838 - ai.ai_engine - WARNING - Meta-learning libraries not available
2026-01-01 12:49:43,839 - ai.ai_engine - WARNING - Self-supervised learning libraries not available
2026-01-01 12:49:43,889 - ai.ai_engine - WARNING - Multi-modal learning libraries not available
2026-01-01 12:49:43,890 - ai.ai_engine - WARNING - Neural architecture search libraries not available
2026-01-01 12:49:43,891 - ai.ai_engine - WARNING - Advanced Bayesian optimization libraries not available
2026-01-01 12:49:43,891 - ai.ai_engine - WARNING - Real-time adaptation libraries not available
2026-01-01 12:49:43,891 - ai.ai_engine - WARNING - Cognitive computing libraries not available
2026-01-01 12:49:43,953 - ai.ai_engine - WARNING - Quantum computing libraries not available - running in classical mode
2026-01-01 12:49:43,953 - ai.ai_engine - WARNING - Federated learning libraries not available
2026-01-01 12:49:43,954 - ai.ai_engine - WARNING - Causal inference libraries not available
2026-01-01 12:49:43,955 - ai.ai_engine - WARNING - Meta-learning libraries not available
2026-01-01 12:49:43,955 - ai.ai_engine - WARNING - Self-supervised learning libraries not available
2026-01-01 12:49:43,956 - ai.ai_engine - WARNING - Multi-modal learning libraries not available
2026-01-01 12:49:43,957 - ai.ai_engine - WARNING - Neural architecture search libraries not available
2026-01-01 12:49:43,957 - ai.ai_engine - WARNING - Advanced Bayesian optimization libraries not available
2026-01-01 12:49:43,958 - ai.ai_engine - WARNING - Real-time adaptation libraries not available
2026-01-01 12:49:43,958 - ai.ai_engine - WARNING - Cognitive computing libraries not available
2026-01-01 12:49:44,022 - watchfiles.main - INFO - 6 changes detected
2026-01-01 12:49:44,077 - ai.ai_engine - INFO - Training RL agents for badge optimization...
2026-01-01 12:49:44,077 - ai.ai_engine - INFO - Training PPO agent...
2026-01-01 12:49:44,387 - watchfiles.main - INFO - 1 change detected
2026-01-01 12:49:44,797 - watchfiles.main - INFO - 1 change detected
2026-01-01 12:49:45,202 - watchfiles.main - INFO - 1 change detected
2026-01-01 12:49:45,605 - watchfiles.main - INFO - 1 change detected
2026-01-01 12:49:46,011 - watchfiles.main - INFO - 1 change detected
2026-01-01 12:49:46,416 - watchfiles.main - INFO - 1 change detected
2026-01-01 12:49:46,818 - watchfiles.main - INFO - 1 change detected
2026-01-01 12:49:47,224 - watchfiles.main - INFO - 1 change detected
2026-01-01 12:49:47,630 - watchfiles.main - INFO - 1 change detected
2026-01-01 12:49:47,982 - watchfiles.main - INFO - 1 change detected
2026-01-01 12:49:48,390 - watchfiles.main - INFO - 1 change detected
2026-01-01 12:49:48,796 - watchfiles.main - INFO - 1 change detected
2026-01-01 12:49:49,202 - watchfiles.main - INFO - 1 change detected
2026-01-01 12:49:49,605 - watchfiles.main - INFO - 1 change detected
2026-01-01 12:49:50,010 - watchfiles.main - INFO - 1 change detected
2026-01-01 12:49:50,426 - watchfiles.main - INFO - 1 change detected
2026-01-01 12:49:50,834 - watchfiles.main - INFO - 1 change detected
2026-01-01 12:49:51,239 - watchfiles.main - INFO - 1 change detected
2026-01-01 12:49:51,648 - watchfiles.main - INFO - 1 change detected
2026-01-01 12:49:52,052 - watchfiles.main - INFO - 1 change detected
2026-01-01 12:49:52,331 - ai.ai_engine - INFO - Training A2C agent...
2026-01-01 12:49:52,409 - watchfiles.main - INFO - 1 change detected
2026-01-01 12:49:52,822 - watchfiles.main - INFO - 1 change detected
2026-01-01 12:49:53,231 - watchfiles.main - INFO - 1 change detected
2026-01-01 12:49:53,636 - watchfiles.main - INFO - 1 change detected
2026-01-01 12:49:54,041 - watchfiles.main - INFO - 1 change detected
2026-01-01 12:49:54,451 - watchfiles.main - INFO - 1 change detected
2026-01-01 12:49:54,808 - watchfiles.main - INFO - 1 change detected
2026-01-01 12:49:55,220 - watchfiles.main - INFO - 1 change detected
2026-01-01 12:49:55,626 - watchfiles.main - INFO - 1 change detected
2026-01-01 12:49:56,027 - watchfiles.main - INFO - 1 change detected
2026-01-01 12:49:56,434 - watchfiles.main - INFO - 1 change detected
2026-01-01 12:49:56,836 - watchfiles.main - INFO - 1 change detected
2026-01-01 12:49:57,245 - watchfiles.main - INFO - 1 change detected
2026-01-01 12:49:57,601 - watchfiles.main - INFO - 1 change detected
2026-01-01 12:49:58,010 - watchfiles.main - INFO - 1 change detected
2026-01-01 12:49:58,413 - watchfiles.main - INFO - 1 change detected
2026-01-01 12:49:58,817 - watchfiles.main - INFO - 1 change detected
2026-01-01 12:49:59,224 - watchfiles.main - INFO - 1 change detected
2026-01-01 12:49:59,632 - watchfiles.main - INFO - 1 change detected
2026-01-01 12:50:00,036 - watchfiles.main - INFO - 1 change detected
2026-01-01 12:50:00,441 - watchfiles.main - INFO - 1 change detected
2026-01-01 12:50:00,847 - watchfiles.main - INFO - 1 change detected
2026-01-01 12:50:01,255 - watchfiles.main - INFO - 1 change detected
2026-01-01 12:50:01,611 - watchfiles.main - INFO - 1 change detected
2026-01-01 12:50:02,021 - watchfiles.main - INFO - 1 change detected
2026-01-01 12:50:02,424 - watchfiles.main - INFO - 1 change detected
2026-01-01 12:50:02,830 - watchfiles.main - INFO - 1 change detected
2026-01-01 12:50:03,238 - watchfiles.main - INFO - 1 change detected
2026-01-01 12:50:03,642 - watchfiles.main - INFO - 1 change detected
2026-01-01 12:50:04,045 - watchfiles.main - INFO - 1 change detected
2026-01-01 12:50:04,448 - watchfiles.main - INFO - 1 change detected
2026-01-01 12:50:04,852 - watchfiles.main - INFO - 1 change detected
2026-01-01 12:50:05,259 - watchfiles.main - INFO - 1 change detected
2026-01-01 12:50:05,664 - watchfiles.main - INFO - 1 change detected
2026-01-01 12:50:06,020 - watchfiles.main - INFO - 1 change detected
2026-01-01 12:50:06,482 - watchfiles.main - INFO - 1 change detected
2026-01-01 12:50:06,834 - watchfiles.main - INFO - 1 change detected
2026-01-01 12:50:07,242 - watchfiles.main - INFO - 1 change detected
2026-01-01 12:50:07,646 - watchfiles.main - INFO - 1 change detected
2026-01-01 12:50:08,055 - watchfiles.main - INFO - 1 change detected
2026-01-01 12:50:08,462 - watchfiles.main - INFO - 1 change detected
2026-01-01 12:50:08,867 - watchfiles.main - INFO - 1 change detected
2026-01-01 12:50:09,271 - watchfiles.main - INFO - 1 change detected
2026-01-01 12:50:09,627 - watchfiles.main - INFO - 1 change detected
2026-01-01 12:50:10,035 - watchfiles.main - INFO - 1 change detected
2026-01-01 12:50:10,442 - watchfiles.main - INFO - 1 change detected
2026-01-01 12:50:10,848 - watchfiles.main - INFO - 1 change detected
2026-01-01 12:50:11,254 - watchfiles.main - INFO - 1 change detected
2026-01-01 12:50:11,658 - watchfiles.main - INFO - 1 change detected
2026-01-01 12:50:12,066 - watchfiles.main - INFO - 1 change detected
2026-01-01 12:50:12,472 - watchfiles.main - INFO - 1 change detected
2026-01-01 12:50:12,875 - watchfiles.main - INFO - 1 change detected
2026-01-01 12:50:13,278 - watchfiles.main - INFO - 1 change detected
2026-01-01 12:50:13,682 - watchfiles.main - INFO - 1 change detected
[2026-01-01 13:12:04] WARNING - ai.ai_engine - Quantum computing libraries not available - running in classical mode
[2026-01-01 13:12:04] WARNING - ai.ai_engine - Federated learning libraries not available
[2026-01-01 13:12:04] WARNING - ai.ai_engine - Causal inference libraries not available
[2026-01-01 13:12:04] WARNING - ai.ai_engine - Meta-learning libraries not available
[2026-01-01 13:12:04] WARNING - ai.ai_engine - Self-supervised learning libraries not available
[2026-01-01 13:12:04] WARNING - ai.ai_engine - Multi-modal learning libraries not available
[2026-01-01 13:12:04] WARNING - ai.ai_engine - Neural architecture search libraries not available
[2026-01-01 13:12:04] WARNING - ai.ai_engine - Advanced Bayesian optimization libraries not available
[2026-01-01 13:12:04] WARNING - ai.ai_engine - Real-time adaptation libraries not available
[2026-01-01 13:12:04] WARNING - ai.ai_engine - Cognitive computing libraries not available
[2026-01-01 13:12:04] INFO - ai.ai_engine - 🎓 ULTRA-ADVANCED CLAS2E AI v5.0 - COMPLETE ECOSYSTEM INTELLIGENCE ACTIVE! 🚀📚🤖
[2026-01-01 13:13:24] WARNING - ai.ai_engine - Quantum computing libraries not available - running in classical mode
[2026-01-01 13:13:24] WARNING - ai.ai_engine - Federated learning libraries not available
[2026-01-01 13:13:24] WARNING - ai.ai_engine - Causal inference libraries not available
[2026-01-01 13:13:24] WARNING - ai.ai_engine - Meta-learning libraries not available
[2026-01-01 13:13:24] WARNING - ai.ai_engine - Self-supervised learning libraries not available
[2026-01-01 13:13:24] WARNING - ai.ai_engine - Multi-modal learning libraries not available
[2026-01-01 13:13:24] WARNING - ai.ai_engine - Neural architecture search libraries not available
[2026-01-01 13:13:24] WARNING - ai.ai_engine - Advanced Bayesian optimization libraries not available
[2026-01-01 13:13:24] WARNING - ai.ai_engine - Real-time adaptation libraries not available
[2026-01-01 13:13:24] WARNING - ai.ai_engine - Cognitive computing libraries not available
[2026-01-01 13:13:24] INFO - ai.ai_engine - 🎓 ULTRA-ADVANCED CLAS2E AI v5.0 - COMPLETE ECOSYSTEM INTELLIGENCE ACTIVE! 🚀📚🤖
