2026-01-01 12:56:37 - ai.ai_engine - WARNING - Quantum computing libraries not available - running in classical mode
2026-01-01 12:56:37 - ai.ai_engine - WARNING - Federated learning libraries not available
2026-01-01 12:56:37 - ai.ai_engine - WARNING - Causal inference libraries not available
2026-01-01 12:56:37 - ai.ai_engine - WARNING - Meta-learning libraries not available
2026-01-01 12:56:37 - ai.ai_engine - WARNING - Self-supervised learning libraries not available
2026-01-01 12:56:37 - ai.ai_engine - WARNING - Multi-modal learning libraries not available
2026-01-01 12:56:37 - ai.ai_engine - WARNING - Neural architecture search libraries not available
2026-01-01 12:56:37 - ai.ai_engine - WARNING - Advanced Bayesian optimization libraries not available
2026-01-01 12:56:37 - ai.ai_engine - WARNING - Real-time adaptation libraries not available
2026-01-01 12:56:37 - ai.ai_engine - WARNING - Cognitive computing libraries not available
2026-01-01 12:56:37 - ai.ai_engine - INFO - 🎓 ULTRA-ADVANCED CLAS2E AI v5.0 - COMPLETE ECOSYSTEM INTELLIGENCE ACTIVE! 🚀📚🤖
2026-01-01 12:57:43 - ai.ai_engine - WARNING - Quantum computing libraries not available - running in classical mode
2026-01-01 12:57:43 - ai.ai_engine - WARNING - Federated learning libraries not available
2026-01-01 12:57:43 - ai.ai_engine - WARNING - Causal inference libraries not available
2026-01-01 12:57:43 - ai.ai_engine - WARNING - Meta-learning libraries not available
2026-01-01 12:57:43 - ai.ai_engine - WARNING - Self-supervised learning libraries not available
2026-01-01 12:57:43 - ai.ai_engine - WARNING - Multi-modal learning libraries not available
2026-01-01 12:57:43 - ai.ai_engine - WARNING - Neural architecture search libraries not available
2026-01-01 12:57:43 - ai.ai_engine - WARNING - Advanced Bayesian optimization libraries not available
2026-01-01 12:57:43 - ai.ai_engine - WARNING - Real-time adaptation libraries not available
2026-01-01 12:57:43 - ai.ai_engine - WARNING - Cognitive computing libraries not available
2026-01-01 12:57:43 - ai.ai_engine - INFO - 🎓 ULTRA-ADVANCED CLAS2E AI v5.0 - COMPLETE ECOSYSTEM INTELLIGENCE ACTIVE! 🚀📚🤖
2026-01-01 12:57:53 - ai.ai_engine - WARNING - Quantum computing libraries not available - running in classical mode
2026-01-01 12:57:53 - ai.ai_engine - WARNING - Federated learning libraries not available
2026-01-01 12:57:53 - ai.ai_engine - WARNING - Causal inference libraries not available
2026-01-01 12:57:53 - ai.ai_engine - WARNING - Meta-learning libraries not available
2026-01-01 12:57:53 - ai.ai_engine - WARNING - Self-supervised learning libraries not available
2026-01-01 12:57:53 - ai.ai_engine - WARNING - Multi-modal learning libraries not available
2026-01-01 12:57:53 - ai.ai_engine - WARNING - Neural architecture search libraries not available
2026-01-01 12:57:53 - ai.ai_engine - WARNING - Advanced Bayesian optimization libraries not available
2026-01-01 12:57:53 - ai.ai_engine - WARNING - Real-time adaptation libraries not available
2026-01-01 12:57:53 - ai.ai_engine - WARNING - Cognitive computing libraries not available
2026-01-01 12:57:53 - ai.ai_engine - INFO - 🎓 ULTRA-ADVANCED CLAS2E AI v5.0 - COMPLETE ECOSYSTEM INTELLIGENCE ACTIVE! 🚀📚🤖
2026-01-01 12:57:53 - watchfiles.main - INFO - 6 changes detected
2026-01-01 12:57:54 - watchfiles.main - INFO - 1 change detected
2026-01-01 12:57:54 - watchfiles.main - INFO - 1 change detected
2026-01-01 12:57:55 - watchfiles.main - INFO - 1 change detected
2026-01-01 12:57:55 - watchfiles.main - INFO - 1 change detected
2026-01-01 12:57:55 - watchfiles.main - INFO - 1 change detected
2026-01-01 12:57:56 - watchfiles.main - INFO - 1 change detected
2026-01-01 12:57:56 - watchfiles.main - INFO - 1 change detected
2026-01-01 12:57:57 - watchfiles.main - INFO - 1 change detected
2026-01-01 12:57:57 - watchfiles.main - INFO - 1 change detected
2026-01-01 12:57:57 - watchfiles.main - INFO - 1 change detected
2026-01-01 12:57:58 - watchfiles.main - INFO - 1 change detected
2026-01-01 12:57:58 - watchfiles.main - INFO - 1 change detected
2026-01-01 12:57:59 - watchfiles.main - INFO - 1 change detected
2026-01-01 12:57:59 - watchfiles.main - INFO - 1 change detected
2026-01-01 12:57:59 - watchfiles.main - INFO - 1 change detected
2026-01-01 12:58:00 - watchfiles.main - INFO - 1 change detected
2026-01-01 12:58:00 - watchfiles.main - INFO - 1 change detected
2026-01-01 12:58:01 - watchfiles.main - INFO - 1 change detected
2026-01-01 12:58:01 - watchfiles.main - INFO - 1 change detected
2026-01-01 12:58:01 - watchfiles.main - INFO - 1 change detected
2026-01-01 12:58:02 - watchfiles.main - INFO - 1 change detected
2026-01-01 12:58:02 - watchfiles.main - INFO - 1 change detected
2026-01-01 12:58:03 - watchfiles.main - INFO - 1 change detected
2026-01-01 12:58:03 - watchfiles.main - INFO - 1 change detected
2026-01-01 12:58:03 - watchfiles.main - INFO - 1 change detected
2026-01-01 12:58:04 - watchfiles.main - INFO - 1 change detected
2026-01-01 12:58:04 - watchfiles.main - INFO - 1 change detected
2026-01-01 12:58:05 - watchfiles.main - INFO - 1 change detected
2026-01-01 12:58:05 - watchfiles.main - INFO - 1 change detected
2026-01-01 12:58:05 - watchfiles.main - INFO - 1 change detected
2026-01-01 12:58:06 - watchfiles.main - INFO - 1 change detected
2026-01-01 12:58:06 - watchfiles.main - INFO - 1 change detected
2026-01-01 12:58:07 - watchfiles.main - INFO - 1 change detected
2026-01-01 12:58:07 - watchfiles.main - INFO - 1 change detected
2026-01-01 12:58:07 - watchfiles.main - INFO - 1 change detected
2026-01-01 12:58:08 - watchfiles.main - INFO - 1 change detected
2026-01-01 12:58:08 - watchfiles.main - INFO - 1 change detected
2026-01-01 12:58:09 - watchfiles.main - INFO - 1 change detected
2026-01-01 12:58:09 - watchfiles.main - INFO - 1 change detected
2026-01-01 12:58:09 - watchfiles.main - INFO - 1 change detected
2026-01-01 12:58:10 - watchfiles.main - INFO - 1 change detected
2026-01-01 12:58:10 - watchfiles.main - INFO - 1 change detected
2026-01-01 12:58:11 - watchfiles.main - INFO - 1 change detected
2026-01-01 12:58:11 - watchfiles.main - INFO - 1 change detected
2026-01-01 12:58:11 - watchfiles.main - INFO - 1 change detected
2026-01-01 12:58:12 - watchfiles.main - INFO - 1 change detected
2026-01-01 12:58:12 - watchfiles.main - INFO - 1 change detected
2026-01-01 12:58:13 - watchfiles.main - INFO - 1 change detected
2026-01-01 12:58:13 - watchfiles.main - INFO - 1 change detected
2026-01-01 12:58:13 - watchfiles.main - INFO - 1 change detected
2026-01-01 12:58:14 - watchfiles.main - INFO - 1 change detected
2026-01-01 12:58:14 - watchfiles.main - INFO - 1 change detected
2026-01-01 12:58:15 - watchfiles.main - INFO - 1 change detected
2026-01-01 12:58:15 - watchfiles.main - INFO - 1 change detected
2026-01-01 12:58:15 - watchfiles.main - INFO - 1 change detected
2026-01-01 12:58:16 - watchfiles.main - INFO - 1 change detected
2026-01-01 12:58:16 - watchfiles.main - INFO - 1 change detected
2026-01-01 12:58:17 - watchfiles.main - INFO - 1 change detected
2026-01-01 12:58:17 - watchfiles.main - INFO - 1 change detected
2026-01-01 12:58:17 - watchfiles.main - INFO - 1 change detected
2026-01-01 12:58:18 - watchfiles.main - INFO - 1 change detected
2026-01-01 12:58:18 - watchfiles.main - INFO - 1 change detected
2026-01-01 12:58:19 - watchfiles.main - INFO - 1 change detected
2026-01-01 12:58:19 - watchfiles.main - INFO - 1 change detected
2026-01-01 12:58:19 - watchfiles.main - INFO - 1 change detected
2026-01-01 12:58:20 - watchfiles.main - INFO - 1 change detected
2026-01-01 12:58:20 - watchfiles.main - INFO - 1 change detected
2026-01-01 12:58:21 - watchfiles.main - INFO - 1 change detected
2026-01-01 12:58:21 - watchfiles.main - INFO - 1 change detected
2026-01-01 12:58:22 - watchfiles.main - INFO - 1 change detected
2026-01-01 12:58:22 - watchfiles.main - INFO - 1 change detected
2026-01-01 12:58:22 - watchfiles.main - INFO - 1 change detected
2026-01-01 12:58:23 - watchfiles.main - INFO - 1 change detected
2026-01-01 12:58:23 - watchfiles.main - INFO - 1 change detected
2026-01-01 12:58:24 - watchfiles.main - INFO - 1 change detected
2026-01-01 12:58:24 - watchfiles.main - INFO - 1 change detected
2026-01-01 12:58:24 - watchfiles.main - INFO - 1 change detected
2026-01-01 12:58:25 - watchfiles.main - INFO - 1 change detected
2026-01-01 12:58:25 - watchfiles.main - INFO - 1 change detected
2026-01-01 12:58:26 - watchfiles.main - INFO - 1 change detected
2026-01-01 12:58:26 - watchfiles.main - INFO - 1 change detected
2026-01-01 12:58:26 - watchfiles.main - INFO - 1 change detected
2026-01-01 12:58:27 - watchfiles.main - INFO - 1 change detected
2026-01-01 12:58:27 - watchfiles.main - INFO - 1 change detected
2026-01-01 12:58:28 - watchfiles.main - INFO - 1 change detected
2026-01-01 12:58:28 - watchfiles.main - INFO - 1 change detected
2026-01-01 12:58:28 - watchfiles.main - INFO - 1 change detected
2026-01-01 12:58:29 - watchfiles.main - INFO - 1 change detected
2026-01-01 12:58:29 - watchfiles.main - INFO - 1 change detected
2026-01-01 12:58:30 - watchfiles.main - INFO - 1 change detected
2026-01-01 12:58:30 - watchfiles.main - INFO - 1 change detected
2026-01-01 12:58:30 - watchfiles.main - INFO - 1 change detected
2026-01-01 12:58:31 - watchfiles.main - INFO - 1 change detected
2026-01-01 12:58:31 - watchfiles.main - INFO - 1 change detected
2026-01-01 12:58:32 - watchfiles.main - INFO - 1 change detected
2026-01-01 12:58:32 - watchfiles.main - INFO - 1 change detected
2026-01-01 12:58:32 - watchfiles.main - INFO - 1 change detected
2026-01-01 12:58:33 - watchfiles.main - INFO - 1 change detected
2026-01-01 12:58:33 - watchfiles.main - INFO - 1 change detected
2026-01-01 12:58:34 - watchfiles.main - INFO - 1 change detected
2026-01-01 12:58:34 - watchfiles.main - INFO - 1 change detected
2026-01-01 12:58:34 - watchfiles.main - INFO - 1 change detected
2026-01-01 12:58:35 - watchfiles.main - INFO - 1 change detected
2026-01-01 12:58:35 - watchfiles.main - INFO - 1 change detected
2026-01-01 12:58:36 - watchfiles.main - INFO - 1 change detected
2026-01-01 12:58:36 - watchfiles.main - INFO - 1 change detected
2026-01-01 12:58:36 - watchfiles.main - INFO - 1 change detected
2026-01-01 12:58:37 - watchfiles.main - INFO - 1 change detected
2026-01-01 12:58:37 - watchfiles.main - INFO - 1 change detected
2026-01-01 12:58:38 - watchfiles.main - INFO - 1 change detected
2026-01-01 12:58:38 - watchfiles.main - INFO - 1 change detected
2026-01-01 12:58:38 - watchfiles.main - INFO - 1 change detected
2026-01-01 12:58:39 - watchfiles.main - INFO - 1 change detected
2026-01-01 12:58:39 - watchfiles.main - INFO - 1 change detected
2026-01-01 12:58:40 - watchfiles.main - INFO - 1 change detected
2026-01-01 12:58:40 - watchfiles.main - INFO - 1 change detected
2026-01-01 12:58:40 - watchfiles.main - INFO - 1 change detected
2026-01-01 12:58:41 - watchfiles.main - INFO - 1 change detected
2026-01-01 12:58:41 - watchfiles.main - INFO - 1 change detected
2026-01-01 12:58:42 - watchfiles.main - INFO - 1 change detected
2026-01-01 12:58:42 - watchfiles.main - INFO - 1 change detected
2026-01-01 12:58:42 - watchfiles.main - INFO - 1 change detected
2026-01-01 12:58:43 - watchfiles.main - INFO - 1 change detected
2026-01-01 12:58:43 - watchfiles.main - INFO - 1 change detected
2026-01-01 12:58:44 - watchfiles.main - INFO - 1 change detected
2026-01-01 12:58:44 - watchfiles.main - INFO - 1 change detected
2026-01-01 12:58:44 - watchfiles.main - INFO - 1 change detected
2026-01-01 12:58:45 - watchfiles.main - INFO - 1 change detected
2026-01-01 12:58:45 - watchfiles.main - INFO - 1 change detected
2026-01-01 12:58:45 - watchfiles.main - INFO - 1 change detected
2026-01-01 12:58:46 - watchfiles.main - INFO - 1 change detected
2026-01-01 12:58:46 - watchfiles.main - INFO - 1 change detected
2026-01-01 12:58:47 - watchfiles.main - INFO - 1 change detected
2026-01-01 12:58:47 - watchfiles.main - INFO - 1 change detected
2026-01-01 12:58:47 - watchfiles.main - INFO - 1 change detected
2026-01-01 12:58:48 - watchfiles.main - INFO - 1 change detected
2026-01-01 12:58:48 - watchfiles.main - INFO - 1 change detected
2026-01-01 12:58:49 - watchfiles.main - INFO - 1 change detected
2026-01-01 12:58:49 - watchfiles.main - INFO - 1 change detected
2026-01-01 12:58:49 - watchfiles.main - INFO - 1 change detected
2026-01-01 12:58:50 - watchfiles.main - INFO - 1 change detected
2026-01-01 12:58:50 - watchfiles.main - INFO - 1 change detected
2026-01-01 12:58:51 - watchfiles.main - INFO - 1 change detected
2026-01-01 12:58:51 - watchfiles.main - INFO - 1 change detected
2026-01-01 12:58:51 - watchfiles.main - INFO - 1 change detected
2026-01-01 12:58:52 - watchfiles.main - INFO - 1 change detected
2026-01-01 12:58:52 - watchfiles.main - INFO - 1 change detected
2026-01-01 12:58:53 - watchfiles.main - INFO - 1 change detected
2026-01-01 12:58:53 - watchfiles.main - INFO - 1 change detected
2026-01-01 12:58:53 - watchfiles.main - INFO - 1 change detected
2026-01-01 12:58:54 - watchfiles.main - INFO - 1 change detected
2026-01-01 12:58:54 - watchfiles.main - INFO - 1 change detected
2026-01-01 12:58:55 - watchfiles.main - INFO - 1 change detected
2026-01-01 12:58:55 - watchfiles.main - INFO - 1 change detected
2026-01-01 12:58:55 - watchfiles.main - INFO - 1 change detected
2026-01-01 12:58:56 - watchfiles.main - INFO - 1 change detected
2026-01-01 12:58:56 - watchfiles.main - INFO - 1 change detected
2026-01-01 12:58:57 - watchfiles.main - INFO - 1 change detected
2026-01-01 12:58:57 - watchfiles.main - INFO - 1 change detected
2026-01-01 12:58:57 - watchfiles.main - INFO - 1 change detected
2026-01-01 12:58:58 - watchfiles.main - INFO - 1 change detected
2026-01-01 13:02:08 - ai.ai_engine - WARNING - Quantum computing libraries not available - running in classical mode
2026-01-01 13:02:08 - ai.ai_engine - WARNING - Federated learning libraries not available
2026-01-01 13:02:08 - ai.ai_engine - WARNING - Causal inference libraries not available
2026-01-01 13:02:08 - ai.ai_engine - WARNING - Meta-learning libraries not available
2026-01-01 13:02:08 - ai.ai_engine - WARNING - Self-supervised learning libraries not available
2026-01-01 13:02:08 - ai.ai_engine - WARNING - Multi-modal learning libraries not available
2026-01-01 13:02:08 - ai.ai_engine - WARNING - Neural architecture search libraries not available
2026-01-01 13:02:08 - ai.ai_engine - WARNING - Advanced Bayesian optimization libraries not available
2026-01-01 13:02:08 - ai.ai_engine - WARNING - Real-time adaptation libraries not available
2026-01-01 13:02:08 - ai.ai_engine - WARNING - Cognitive computing libraries not available
2026-01-01 13:02:08 - ai.ai_engine - INFO - 🎓 ULTRA-ADVANCED CLAS2E AI v5.0 - COMPLETE ECOSYSTEM INTELLIGENCE ACTIVE! 🚀📚🤖
2026-01-01 13:02:18 - ai.ai_engine - WARNING - Quantum computing libraries not available - running in classical mode
2026-01-01 13:02:18 - ai.ai_engine - WARNING - Federated learning libraries not available
2026-01-01 13:02:18 - ai.ai_engine - WARNING - Causal inference libraries not available
2026-01-01 13:02:18 - ai.ai_engine - WARNING - Meta-learning libraries not available
2026-01-01 13:02:18 - ai.ai_engine - WARNING - Self-supervised learning libraries not available
2026-01-01 13:02:18 - ai.ai_engine - WARNING - Multi-modal learning libraries not available
2026-01-01 13:02:18 - ai.ai_engine - WARNING - Neural architecture search libraries not available
2026-01-01 13:02:18 - ai.ai_engine - WARNING - Advanced Bayesian optimization libraries not available
2026-01-01 13:02:18 - ai.ai_engine - WARNING - Real-time adaptation libraries not available
2026-01-01 13:02:18 - ai.ai_engine - WARNING - Cognitive computing libraries not available
2026-01-01 13:02:18 - ai.ai_engine - INFO - 🎓 ULTRA-ADVANCED CLAS2E AI v5.0 - COMPLETE ECOSYSTEM INTELLIGENCE ACTIVE! 🚀📚🤖
2026-01-01 13:02:18 - watchfiles.main - INFO - 1 change detected
2026-01-01 13:02:18 - watchfiles.main - INFO - 1 change detected
2026-01-01 13:02:19 - watchfiles.main - INFO - 1 change detected
2026-01-01 13:02:19 - watchfiles.main - INFO - 1 change detected
2026-01-01 13:02:19 - watchfiles.main - INFO - 1 change detected
2026-01-01 13:02:20 - watchfiles.main - INFO - 1 change detected
2026-01-01 13:02:20 - watchfiles.main - INFO - 1 change detected
2026-01-01 13:02:21 - watchfiles.main - INFO - 1 change detected
2026-01-01 13:02:21 - watchfiles.main - INFO - 1 change detected
2026-01-01 13:02:21 - watchfiles.main - INFO - 1 change detected
2026-01-01 13:02:22 - watchfiles.main - INFO - 1 change detected
2026-01-01 13:02:22 - watchfiles.main - INFO - 1 change detected
2026-01-01 13:02:23 - watchfiles.main - INFO - 1 change detected
2026-01-01 13:02:23 - watchfiles.main - INFO - 1 change detected
2026-01-01 13:02:23 - watchfiles.main - INFO - 1 change detected
2026-01-01 13:02:24 - watchfiles.main - INFO - 1 change detected
2026-01-01 13:02:24 - watchfiles.main - INFO - 1 change detected
2026-01-01 13:02:25 - watchfiles.main - INFO - 1 change detected
2026-01-01 13:02:25 - watchfiles.main - INFO - 1 change detected
2026-01-01 13:02:25 - watchfiles.main - INFO - 1 change detected
2026-01-01 13:02:26 - watchfiles.main - INFO - 1 change detected
2026-01-01 13:02:26 - watchfiles.main - INFO - 1 change detected
2026-01-01 13:02:27 - watchfiles.main - INFO - 1 change detected
2026-01-01 13:02:27 - watchfiles.main - INFO - 1 change detected
2026-01-01 13:02:27 - watchfiles.main - INFO - 1 change detected
2026-01-01 13:02:28 - watchfiles.main - INFO - 1 change detected
2026-01-01 13:02:28 - watchfiles.main - INFO - 1 change detected
2026-01-01 13:02:29 - watchfiles.main - INFO - 1 change detected
2026-01-01 13:02:29 - watchfiles.main - INFO - 1 change detected
2026-01-01 13:02:29 - watchfiles.main - INFO - 1 change detected
2026-01-01 13:02:30 - watchfiles.main - INFO - 1 change detected
2026-01-01 13:02:30 - watchfiles.main - INFO - 1 change detected
2026-01-01 13:02:31 - watchfiles.main - INFO - 1 change detected
2026-01-01 13:02:31 - watchfiles.main - INFO - 1 change detected
2026-01-01 13:02:31 - watchfiles.main - INFO - 1 change detected
2026-01-01 13:02:32 - watchfiles.main - INFO - 1 change detected
2026-01-01 13:02:32 - watchfiles.main - INFO - 1 change detected
2026-01-01 13:02:33 - watchfiles.main - INFO - 1 change detected
2026-01-01 13:02:33 - watchfiles.main - INFO - 1 change detected
2026-01-01 13:02:33 - watchfiles.main - INFO - 1 change detected
2026-01-01 13:02:34 - watchfiles.main - INFO - 1 change detected
2026-01-01 13:02:34 - watchfiles.main - INFO - 1 change detected
2026-01-01 13:02:35 - watchfiles.main - INFO - 1 change detected
2026-01-01 13:02:35 - watchfiles.main - INFO - 1 change detected
2026-01-01 13:02:36 - watchfiles.main - INFO - 1 change detected
2026-01-01 13:02:36 - watchfiles.main - INFO - 1 change detected
2026-01-01 13:02:36 - watchfiles.main - INFO - 1 change detected
2026-01-01 13:02:37 - watchfiles.main - INFO - 1 change detected
2026-01-01 13:02:37 - watchfiles.main - INFO - 1 change detected
2026-01-01 13:02:38 - watchfiles.main - INFO - 1 change detected
2026-01-01 13:02:38 - watchfiles.main - INFO - 1 change detected
2026-01-01 13:02:38 - watchfiles.main - INFO - 1 change detected
2026-01-01 13:02:39 - watchfiles.main - INFO - 1 change detected
2026-01-01 13:02:39 - watchfiles.main - INFO - 1 change detected
2026-01-01 13:02:39 - watchfiles.main - INFO - 1 change detected
2026-01-01 13:02:40 - watchfiles.main - INFO - 1 change detected
2026-01-01 13:02:40 - watchfiles.main - INFO - 1 change detected
2026-01-01 13:02:41 - watchfiles.main - INFO - 1 change detected
2026-01-01 13:02:41 - watchfiles.main - INFO - 1 change detected
2026-01-01 13:02:41 - watchfiles.main - INFO - 1 change detected
2026-01-01 13:02:42 - watchfiles.main - INFO - 1 change detected
2026-01-01 13:02:42 - watchfiles.main - INFO - 1 change detected
2026-01-01 13:02:43 - watchfiles.main - INFO - 1 change detected
2026-01-01 13:02:43 - watchfiles.main - INFO - 1 change detected
2026-01-01 13:02:43 - watchfiles.main - INFO - 1 change detected
2026-01-01 13:02:44 - watchfiles.main - INFO - 1 change detected
2026-01-01 13:02:44 - watchfiles.main - INFO - 1 change detected
2026-01-01 13:02:44 - watchfiles.main - INFO - 1 change detected
2026-01-01 13:02:45 - watchfiles.main - INFO - 1 change detected
2026-01-01 13:02:45 - watchfiles.main - INFO - 1 change detected
2026-01-01 13:02:46 - watchfiles.main - INFO - 1 change detected
2026-01-01 13:02:46 - watchfiles.main - INFO - 1 change detected
2026-01-01 13:02:46 - watchfiles.main - INFO - 1 change detected
2026-01-01 13:02:47 - watchfiles.main - INFO - 1 change detected
2026-01-01 13:02:47 - watchfiles.main - INFO - 1 change detected
2026-01-01 13:02:48 - watchfiles.main - INFO - 1 change detected
2026-01-01 13:02:48 - watchfiles.main - INFO - 1 change detected
2026-01-01 13:02:49 - watchfiles.main - INFO - 1 change detected
2026-01-01 13:02:49 - watchfiles.main - INFO - 1 change detected
2026-01-01 13:02:49 - watchfiles.main - INFO - 1 change detected
2026-01-01 13:02:50 - watchfiles.main - INFO - 1 change detected
2026-01-01 13:02:50 - watchfiles.main - INFO - 1 change detected
2026-01-01 13:04:11 - ai.ai_engine - WARNING - Quantum computing libraries not available - running in classical mode
2026-01-01 13:04:11 - ai.ai_engine - WARNING - Federated learning libraries not available
2026-01-01 13:04:11 - ai.ai_engine - WARNING - Causal inference libraries not available
2026-01-01 13:04:11 - ai.ai_engine - WARNING - Meta-learning libraries not available
2026-01-01 13:04:11 - ai.ai_engine - WARNING - Self-supervised learning libraries not available
2026-01-01 13:04:11 - ai.ai_engine - WARNING - Multi-modal learning libraries not available
2026-01-01 13:04:11 - ai.ai_engine - WARNING - Neural architecture search libraries not available
2026-01-01 13:04:11 - ai.ai_engine - WARNING - Advanced Bayesian optimization libraries not available
2026-01-01 13:04:11 - ai.ai_engine - WARNING - Real-time adaptation libraries not available
2026-01-01 13:04:11 - ai.ai_engine - WARNING - Cognitive computing libraries not available
2026-01-01 13:04:11 - ai.ai_engine - INFO - 🎓 ULTRA-ADVANCED CLAS2E AI v5.0 - COMPLETE ECOSYSTEM INTELLIGENCE ACTIVE! 🚀📚🤖
2026-01-01 13:04:11 - __main__ - INFO - 🎓 🚀 Starting Clas2e AI Ecosystem v6.0
2026-01-01 13:04:21 - ai.ai_engine - WARNING - Quantum computing libraries not available - running in classical mode
2026-01-01 13:04:21 - ai.ai_engine - WARNING - Federated learning libraries not available
2026-01-01 13:04:21 - ai.ai_engine - WARNING - Causal inference libraries not available
2026-01-01 13:04:21 - ai.ai_engine - WARNING - Meta-learning libraries not available
2026-01-01 13:04:21 - ai.ai_engine - WARNING - Self-supervised learning libraries not available
2026-01-01 13:04:21 - ai.ai_engine - WARNING - Multi-modal learning libraries not available
2026-01-01 13:04:21 - ai.ai_engine - WARNING - Neural architecture search libraries not available
2026-01-01 13:04:21 - ai.ai_engine - WARNING - Advanced Bayesian optimization libraries not available
2026-01-01 13:04:21 - ai.ai_engine - WARNING - Real-time adaptation libraries not available
2026-01-01 13:04:21 - ai.ai_engine - WARNING - Cognitive computing libraries not available
2026-01-01 13:04:21 - ai.ai_engine - INFO - 🎓 ULTRA-ADVANCED CLAS2E AI v5.0 - COMPLETE ECOSYSTEM INTELLIGENCE ACTIVE! 🚀📚🤖
2026-01-01 13:04:21 - watchfiles.main - INFO - 6 changes detected
2026-01-01 13:04:21 - watchfiles.main - INFO - 1 change detected
2026-01-01 13:04:22 - watchfiles.main - INFO - 1 change detected
2026-01-01 13:04:22 - watchfiles.main - INFO - 1 change detected
2026-01-01 13:04:22 - watchfiles.main - INFO - 1 change detected
2026-01-01 13:04:23 - watchfiles.main - INFO - 1 change detected
2026-01-01 13:04:23 - watchfiles.main - INFO - 1 change detected
2026-01-01 13:04:24 - watchfiles.main - INFO - 1 change detected
2026-01-01 13:04:24 - watchfiles.main - INFO - 1 change detected
2026-01-01 13:04:24 - watchfiles.main - INFO - 1 change detected
2026-01-01 13:04:25 - watchfiles.main - INFO - 1 change detected
2026-01-01 13:04:25 - watchfiles.main - INFO - 1 change detected
2026-01-01 13:04:26 - watchfiles.main - INFO - 1 change detected
2026-01-01 13:04:26 - watchfiles.main - INFO - 1 change detected
2026-01-01 13:04:26 - watchfiles.main - INFO - 1 change detected
2026-01-01 13:04:27 - watchfiles.main - INFO - 1 change detected
2026-01-01 13:04:27 - watchfiles.main - INFO - 1 change detected
2026-01-01 13:04:28 - watchfiles.main - INFO - 1 change detected
2026-01-01 13:04:28 - watchfiles.main - INFO - 1 change detected
2026-01-01 13:04:28 - watchfiles.main - INFO - 1 change detected
2026-01-01 13:04:29 - watchfiles.main - INFO - 1 change detected
2026-01-01 13:04:29 - watchfiles.main - INFO - 1 change detected
2026-01-01 13:04:30 - watchfiles.main - INFO - 1 change detected
2026-01-01 13:04:30 - watchfiles.main - INFO - 1 change detected
2026-01-01 13:04:30 - watchfiles.main - INFO - 1 change detected
2026-01-01 13:04:31 - watchfiles.main - INFO - 1 change detected
2026-01-01 13:04:31 - watchfiles.main - INFO - 1 change detected
2026-01-01 13:04:32 - watchfiles.main - INFO - 1 change detected
2026-01-01 13:04:32 - watchfiles.main - INFO - 1 change detected
2026-01-01 13:04:32 - watchfiles.main - INFO - 1 change detected
2026-01-01 13:04:33 - watchfiles.main - INFO - 1 change detected
2026-01-01 13:04:33 - watchfiles.main - INFO - 1 change detected
2026-01-01 13:04:34 - watchfiles.main - INFO - 1 change detected
2026-01-01 13:04:34 - watchfiles.main - INFO - 1 change detected
2026-01-01 13:04:34 - watchfiles.main - INFO - 1 change detected
2026-01-01 13:04:35 - watchfiles.main - INFO - 1 change detected
2026-01-01 13:04:35 - watchfiles.main - INFO - 1 change detected
2026-01-01 13:04:36 - watchfiles.main - INFO - 1 change detected
2026-01-01 13:04:36 - watchfiles.main - INFO - 1 change detected
2026-01-01 13:04:36 - watchfiles.main - INFO - 1 change detected
2026-01-01 13:04:37 - watchfiles.main - INFO - 1 change detected
2026-01-01 13:04:37 - watchfiles.main - INFO - 1 change detected
2026-01-01 13:04:37 - watchfiles.main - INFO - 1 change detected
2026-01-01 13:04:38 - watchfiles.main - INFO - 1 change detected
2026-01-01 13:04:38 - watchfiles.main - INFO - 1 change detected
2026-01-01 13:04:39 - watchfiles.main - INFO - 1 change detected
2026-01-01 13:04:39 - watchfiles.main - INFO - 1 change detected
2026-01-01 13:04:39 - watchfiles.main - INFO - 1 change detected
2026-01-01 13:04:40 - watchfiles.main - INFO - 1 change detected
2026-01-01 13:04:40 - watchfiles.main - INFO - 1 change detected
2026-01-01 13:04:41 - watchfiles.main - INFO - 1 change detected
2026-01-01 13:04:41 - watchfiles.main - INFO - 1 change detected
2026-01-01 13:04:41 - watchfiles.main - INFO - 1 change detected
2026-01-01 13:04:42 - watchfiles.main - INFO - 1 change detected
2026-01-01 13:04:42 - watchfiles.main - INFO - 1 change detected
2026-01-01 13:04:42 - watchfiles.main - INFO - 1 change detected
2026-01-01 13:04:43 - watchfiles.main - INFO - 1 change detected
2026-01-01 13:04:43 - watchfiles.main - INFO - 1 change detected
2026-01-01 13:05:18 - ai.ai_engine - WARNING - Quantum computing libraries not available - running in classical mode
2026-01-01 13:05:18 - ai.ai_engine - WARNING - Federated learning libraries not available
2026-01-01 13:05:18 - ai.ai_engine - WARNING - Causal inference libraries not available
2026-01-01 13:05:18 - ai.ai_engine - WARNING - Meta-learning libraries not available
2026-01-01 13:05:18 - ai.ai_engine - WARNING - Self-supervised learning libraries not available
2026-01-01 13:05:18 - ai.ai_engine - WARNING - Multi-modal learning libraries not available
2026-01-01 13:05:18 - ai.ai_engine - WARNING - Neural architecture search libraries not available
2026-01-01 13:05:18 - ai.ai_engine - WARNING - Advanced Bayesian optimization libraries not available
2026-01-01 13:05:18 - ai.ai_engine - WARNING - Real-time adaptation libraries not available
2026-01-01 13:05:18 - ai.ai_engine - WARNING - Cognitive computing libraries not available
2026-01-01 13:05:18 - ai.ai_engine - INFO - 🎓 ULTRA-ADVANCED CLAS2E AI v5.0 - COMPLETE ECOSYSTEM INTELLIGENCE ACTIVE! 🚀📚🤖
2026-01-01 13:05:18 - __main__ - INFO - 🎓 🚀 Starting Clas2e AI Ecosystem v6.0
2026-01-01 13:05:18 - __main__ - INFO - 🌐 Frontend: http://localhost:3000
2026-01-01 13:05:18 - __main__ - INFO - 🔗 API Docs: http://localhost:8000/docs
2026-01-01 13:05:18 - __main__ - INFO - 🧪 Test Suite: python test_ai_system.py
2026-01-01 13:05:18 - __main__ - INFO - ============================================================
2026-01-01 13:05:28 - ai.ai_engine - WARNING - Quantum computing libraries not available - running in classical mode
2026-01-01 13:05:28 - ai.ai_engine - WARNING - Federated learning libraries not available
2026-01-01 13:05:28 - ai.ai_engine - WARNING - Causal inference libraries not available
2026-01-01 13:05:28 - ai.ai_engine - WARNING - Meta-learning libraries not available
2026-01-01 13:05:28 - ai.ai_engine - WARNING - Self-supervised learning libraries not available
2026-01-01 13:05:28 - ai.ai_engine - WARNING - Multi-modal learning libraries not available
2026-01-01 13:05:28 - ai.ai_engine - WARNING - Neural architecture search libraries not available
2026-01-01 13:05:28 - ai.ai_engine - WARNING - Advanced Bayesian optimization libraries not available
2026-01-01 13:05:28 - ai.ai_engine - WARNING - Real-time adaptation libraries not available
2026-01-01 13:05:28 - ai.ai_engine - WARNING - Cognitive computing libraries not available
2026-01-01 13:05:28 - ai.ai_engine - INFO - 🎓 ULTRA-ADVANCED CLAS2E AI v5.0 - COMPLETE ECOSYSTEM INTELLIGENCE ACTIVE! 🚀📚🤖
2026-01-01 13:05:28 - watchfiles.main - INFO - 6 changes detected
2026-01-01 13:05:29 - watchfiles.main - INFO - 1 change detected
2026-01-01 13:05:29 - watchfiles.main - INFO - 1 change detected
2026-01-01 13:05:30 - watchfiles.main - INFO - 1 change detected
2026-01-01 13:05:30 - watchfiles.main - INFO - 1 change detected
2026-01-01 13:05:31 - watchfiles.main - INFO - 1 change detected
2026-01-01 13:05:31 - watchfiles.main - INFO - 1 change detected
2026-01-01 13:05:31 - watchfiles.main - INFO - 1 change detected
2026-01-01 13:05:32 - watchfiles.main - INFO - 1 change detected
2026-01-01 13:05:32 - watchfiles.main - INFO - 1 change detected
2026-01-01 13:05:33 - watchfiles.main - INFO - 1 change detected
2026-01-01 13:05:33 - watchfiles.main - INFO - 1 change detected
2026-01-01 13:05:33 - watchfiles.main - INFO - 1 change detected
2026-01-01 13:05:34 - watchfiles.main - INFO - 1 change detected
2026-01-01 13:05:34 - watchfiles.main - INFO - 1 change detected
2026-01-01 13:05:35 - watchfiles.main - INFO - 1 change detected
2026-01-01 13:05:35 - watchfiles.main - INFO - 1 change detected
2026-01-01 13:05:35 - watchfiles.main - INFO - 1 change detected
2026-01-01 13:05:36 - watchfiles.main - INFO - 1 change detected
2026-01-01 13:05:36 - watchfiles.main - INFO - 1 change detected
2026-01-01 13:05:37 - watchfiles.main - INFO - 1 change detected
2026-01-01 13:05:37 - watchfiles.main - INFO - 1 change detected
2026-01-01 13:05:37 - watchfiles.main - INFO - 1 change detected
2026-01-01 13:05:38 - watchfiles.main - INFO - 1 change detected
2026-01-01 13:05:38 - watchfiles.main - INFO - 1 change detected
2026-01-01 13:05:39 - watchfiles.main - INFO - 1 change detected
2026-01-01 13:05:39 - watchfiles.main - INFO - 1 change detected
2026-01-01 13:05:39 - watchfiles.main - INFO - 1 change detected
2026-01-01 13:05:40 - watchfiles.main - INFO - 1 change detected
2026-01-01 13:05:40 - watchfiles.main - INFO - 1 change detected
2026-01-01 13:05:41 - watchfiles.main - INFO - 1 change detected
2026-01-01 13:05:41 - watchfiles.main - INFO - 1 change detected
2026-01-01 13:05:41 - watchfiles.main - INFO - 1 change detected
2026-01-01 13:05:42 - watchfiles.main - INFO - 1 change detected
2026-01-01 13:05:42 - watchfiles.main - INFO - 1 change detected
2026-01-01 13:05:43 - watchfiles.main - INFO - 1 change detected
2026-01-01 13:05:43 - watchfiles.main - INFO - 1 change detected
2026-01-01 13:05:43 - watchfiles.main - INFO - 1 change detected
2026-01-01 13:05:44 - watchfiles.main - INFO - 1 change detected
2026-01-01 13:05:44 - watchfiles.main - INFO - 1 change detected
2026-01-01 13:05:45 - watchfiles.main - INFO - 1 change detected
2026-01-01 13:05:45 - watchfiles.main - INFO - 1 change detected
2026-01-01 13:05:45 - watchfiles.main - INFO - 1 change detected
2026-01-01 13:05:46 - watchfiles.main - INFO - 1 change detected
2026-01-01 13:05:46 - watchfiles.main - INFO - 1 change detected
2026-01-01 13:05:47 - watchfiles.main - INFO - 1 change detected
2026-01-01 13:05:47 - watchfiles.main - INFO - 1 change detected
2026-01-01 13:05:47 - watchfiles.main - INFO - 1 change detected
2026-01-01 13:05:48 - watchfiles.main - INFO - 1 change detected
2026-01-01 13:05:48 - watchfiles.main - INFO - 1 change detected
2026-01-01 13:05:48 - watchfiles.main - INFO - 1 change detected
2026-01-01 13:05:49 - watchfiles.main - INFO - 1 change detected
2026-01-01 13:05:49 - watchfiles.main - INFO - 1 change detected
2026-01-01 13:05:50 - watchfiles.main - INFO - 1 change detected
2026-01-01 13:05:50 - watchfiles.main - INFO - 1 change detected
2026-01-01 13:05:50 - watchfiles.main - INFO - 1 change detected
2026-01-01 13:05:51 - watchfiles.main - INFO - 1 change detected
2026-01-01 13:05:51 - watchfiles.main - INFO - 1 change detected
2026-01-01 13:05:52 - watchfiles.main - INFO - 1 change detected
2026-01-01 13:05:52 - watchfiles.main - INFO - 1 change detected
2026-01-01 13:05:52 - watchfiles.main - INFO - 1 change detected
2026-01-01 13:05:53 - watchfiles.main - INFO - 1 change detected
2026-01-01 13:05:53 - watchfiles.main - INFO - 1 change detected
2026-01-01 13:05:53 - watchfiles.main - INFO - 1 change detected
2026-01-01 13:05:54 - watchfiles.main - INFO - 1 change detected
2026-01-01 13:05:54 - watchfiles.main - INFO - 1 change detected
2026-01-01 13:05:55 - watchfiles.main - INFO - 1 change detected
2026-01-01 13:05:55 - watchfiles.main - INFO - 1 change detected
2026-01-01 13:05:55 - watchfiles.main - INFO - 1 change detected
2026-01-01 13:05:56 - watchfiles.main - INFO - 1 change detected
[2026-01-01 13:08:06] WARNING - ai.ai_engine - Quantum computing libraries not available - running in classical mode
[2026-01-01 13:08:06] WARNING - ai.ai_engine - Federated learning libraries not available
[2026-01-01 13:08:06] WARNING - ai.ai_engine - Causal inference libraries not available
[2026-01-01 13:08:06] WARNING - ai.ai_engine - Meta-learning libraries not available
[2026-01-01 13:08:06] WARNING - ai.ai_engine - Self-supervised learning libraries not available
[2026-01-01 13:08:06] WARNING - ai.ai_engine - Multi-modal learning libraries not available
[2026-01-01 13:08:06] WARNING - ai.ai_engine - Neural architecture search libraries not available
[2026-01-01 13:08:06] WARNING - ai.ai_engine - Advanced Bayesian optimization libraries not available
[2026-01-01 13:08:06] WARNING - ai.ai_engine - Real-time adaptation libraries not available
[2026-01-01 13:08:06] WARNING - ai.ai_engine - Cognitive computing libraries not available
[2026-01-01 13:08:06] INFO - ai.ai_engine - 🎓 ULTRA-ADVANCED CLAS2E AI v5.0 - COMPLETE ECOSYSTEM INTELLIGENCE ACTIVE! 🚀📚🤖
[2026-01-01 13:08:06] INFO - __main__ - 🎓 🚀 Starting Clas2e AI Ecosystem v6.0
[2026-01-01 13:08:06] INFO - __main__ - 🌐 Frontend: http://localhost:3000
[2026-01-01 13:08:06] INFO - __main__ - 🔗 API Docs: http://localhost:8000/docs
[2026-01-01 13:08:06] INFO - __main__ - 🧪 Test Suite: python test_ai_system.py
[2026-01-01 13:08:06] INFO - __main__ - ============================================================
[2026-01-01 13:08:16] WARNING - ai.ai_engine - Quantum computing libraries not available - running in classical mode
[2026-01-01 13:08:16] WARNING - ai.ai_engine - Federated learning libraries not available
[2026-01-01 13:08:16] WARNING - ai.ai_engine - Causal inference libraries not available
[2026-01-01 13:08:16] WARNING - ai.ai_engine - Meta-learning libraries not available
[2026-01-01 13:08:16] WARNING - ai.ai_engine - Self-supervised learning libraries not available
[2026-01-01 13:08:16] WARNING - ai.ai_engine - Multi-modal learning libraries not available
[2026-01-01 13:08:16] WARNING - ai.ai_engine - Neural architecture search libraries not available
[2026-01-01 13:08:16] WARNING - ai.ai_engine - Advanced Bayesian optimization libraries not available
[2026-01-01 13:08:16] WARNING - ai.ai_engine - Real-time adaptation libraries not available
[2026-01-01 13:08:16] WARNING - ai.ai_engine - Cognitive computing libraries not available
[2026-01-01 13:08:16] INFO - ai.ai_engine - 🎓 ULTRA-ADVANCED CLAS2E AI v5.0 - COMPLETE ECOSYSTEM INTELLIGENCE ACTIVE! 🚀📚🤖
[2026-01-01 13:08:16] INFO - watchfiles.main - 6 changes detected
[2026-01-01 13:08:17] INFO - watchfiles.main - 1 change detected
[2026-01-01 13:08:17] INFO - watchfiles.main - 1 change detected
[2026-01-01 13:08:18] INFO - watchfiles.main - 1 change detected
[2026-01-01 13:08:18] INFO - watchfiles.main - 1 change detected
[2026-01-01 13:08:18] INFO - watchfiles.main - 1 change detected
[2026-01-01 13:08:19] INFO - watchfiles.main - 1 change detected
[2026-01-01 13:08:19] INFO - watchfiles.main - 1 change detected
[2026-01-01 13:08:20] INFO - watchfiles.main - 1 change detected
[2026-01-01 13:08:20] INFO - watchfiles.main - 1 change detected
[2026-01-01 13:08:20] INFO - watchfiles.main - 1 change detected
[2026-01-01 13:08:21] INFO - watchfiles.main - 1 change detected
[2026-01-01 13:08:21] INFO - watchfiles.main - 1 change detected
[2026-01-01 13:08:22] INFO - watchfiles.main - 1 change detected
[2026-01-01 13:08:22] INFO - watchfiles.main - 1 change detected
[2026-01-01 13:08:22] INFO - watchfiles.main - 1 change detected
[2026-01-01 13:08:23] INFO - watchfiles.main - 1 change detected
[2026-01-01 13:08:23] INFO - watchfiles.main - 1 change detected
[2026-01-01 13:08:24] INFO - watchfiles.main - 1 change detected
[2026-01-01 13:08:24] INFO - watchfiles.main - 1 change detected
[2026-01-01 13:08:24] INFO - watchfiles.main - 1 change detected
[2026-01-01 13:08:25] INFO - watchfiles.main - 1 change detected
[2026-01-01 13:08:25] INFO - watchfiles.main - 1 change detected
[2026-01-01 13:08:26] INFO - watchfiles.main - 1 change detected
[2026-01-01 13:08:26] INFO - watchfiles.main - 1 change detected
[2026-01-01 13:08:26] INFO - watchfiles.main - 1 change detected
[2026-01-01 13:08:27] INFO - watchfiles.main - 1 change detected
[2026-01-01 13:08:27] INFO - watchfiles.main - 1 change detected
[2026-01-01 13:08:28] INFO - watchfiles.main - 1 change detected
[2026-01-01 13:08:28] INFO - watchfiles.main - 1 change detected
[2026-01-01 13:08:28] INFO - watchfiles.main - 1 change detected
[2026-01-01 13:08:29] INFO - watchfiles.main - 1 change detected
[2026-01-01 13:08:29] INFO - watchfiles.main - 1 change detected
[2026-01-01 13:08:30] INFO - watchfiles.main - 1 change detected
[2026-01-01 13:08:30] INFO - watchfiles.main - 1 change detected
[2026-01-01 13:08:30] INFO - watchfiles.main - 1 change detected
[2026-01-01 13:08:31] INFO - watchfiles.main - 1 change detected
[2026-01-01 13:08:31] INFO - watchfiles.main - 1 change detected
[2026-01-01 13:08:32] INFO - watchfiles.main - 1 change detected
[2026-01-01 13:08:32] INFO - watchfiles.main - 1 change detected
[2026-01-01 13:08:32] INFO - watchfiles.main - 1 change detected
[2026-01-01 13:08:33] INFO - watchfiles.main - 1 change detected
[2026-01-01 13:08:33] INFO - watchfiles.main - 1 change detected
[2026-01-01 13:08:34] INFO - watchfiles.main - 1 change detected
[2026-01-01 13:08:34] INFO - watchfiles.main - 1 change detected
[2026-01-01 13:08:35] INFO - watchfiles.main - 1 change detected
[2026-01-01 13:08:35] INFO - watchfiles.main - 1 change detected
[2026-01-01 13:08:35] INFO - watchfiles.main - 1 change detected
[2026-01-01 13:08:36] INFO - watchfiles.main - 1 change detected
[2026-01-01 13:08:36] INFO - watchfiles.main - 1 change detected
[2026-01-01 13:08:37] INFO - watchfiles.main - 1 change detected
[2026-01-01 13:08:37] INFO - watchfiles.main - 1 change detected
[2026-01-01 13:08:38] INFO - watchfiles.main - 1 change detected
[2026-01-01 13:08:38] INFO - watchfiles.main - 1 change detected
[2026-01-01 13:08:38] INFO - watchfiles.main - 1 change detected
[2026-01-01 13:08:39] INFO - watchfiles.main - 1 change detected
[2026-01-01 13:08:39] INFO - watchfiles.main - 1 change detected
[2026-01-01 13:08:40] INFO - watchfiles.main - 1 change detected
[2026-01-01 13:08:40] INFO - watchfiles.main - 1 change detected
[2026-01-01 13:08:40] INFO - watchfiles.main - 1 change detected
[2026-01-01 13:08:41] INFO - watchfiles.main - 1 change detected
[2026-01-01 13:08:41] INFO - watchfiles.main - 1 change detected
[2026-01-01 13:08:42] INFO - watchfiles.main - 1 change detected
[2026-01-01 13:08:42] INFO - watchfiles.main - 1 change detected
[2026-01-01 13:08:42] INFO - watchfiles.main - 1 change detected
[2026-01-01 13:08:43] INFO - watchfiles.main - 1 change detected
[2026-01-01 13:08:43] INFO - watchfiles.main - 1 change detected
[2026-01-01 13:08:44] INFO - watchfiles.main - 1 change detected
[2026-01-01 13:08:44] INFO - watchfiles.main - 1 change detected
[2026-01-01 13:08:44] INFO - watchfiles.main - 1 change detected
[2026-01-01 13:08:45] INFO - watchfiles.main - 1 change detected
[2026-01-01 13:08:45] INFO - watchfiles.main - 1 change detected
[2026-01-01 13:08:46] INFO - watchfiles.main - 1 change detected
[2026-01-01 13:08:46] INFO - watchfiles.main - 1 change detected
[2026-01-01 13:08:46] INFO - watchfiles.main - 1 change detected
[2026-01-01 13:08:47] INFO - watchfiles.main - 1 change detected
[2026-01-01 13:08:47] INFO - watchfiles.main - 1 change detected
[2026-01-01 13:08:48] INFO - watchfiles.main - 1 change detected
[2026-01-01 13:08:48] INFO - watchfiles.main - 1 change detected
[2026-01-01 13:08:48] INFO - watchfiles.main - 1 change detected
[2026-01-01 13:08:49] INFO - watchfiles.main - 1 change detected
[2026-01-01 13:08:49] INFO - watchfiles.main - 1 change detected
[2026-01-01 13:08:50] INFO - watchfiles.main - 1 change detected
[2026-01-01 13:08:50] INFO - watchfiles.main - 1 change detected
[2026-01-01 13:08:50] INFO - watchfiles.main - 1 change detected
[2026-01-01 13:08:51] INFO - watchfiles.main - 1 change detected
[2026-01-01 13:08:51] INFO - watchfiles.main - 1 change detected
[2026-01-01 13:08:52] INFO - watchfiles.main - 1 change detected
[2026-01-01 13:08:52] INFO - watchfiles.main - 1 change detected
[2026-01-01 13:08:52] INFO - watchfiles.main - 1 change detected
[2026-01-01 13:08:53] INFO - watchfiles.main - 1 change detected
[2026-01-01 13:08:53] INFO - watchfiles.main - 1 change detected
[2026-01-01 13:08:54] INFO - watchfiles.main - 1 change detected
[2026-01-01 13:08:54] INFO - watchfiles.main - 1 change detected
[2026-01-01 13:08:54] INFO - watchfiles.main - 1 change detected
[2026-01-01 13:08:55] INFO - watchfiles.main - 1 change detected
[2026-01-01 13:08:55] INFO - watchfiles.main - 1 change detected
[2026-01-01 13:08:56] INFO - watchfiles.main - 1 change detected
[2026-01-01 13:08:56] INFO - watchfiles.main - 1 change detected
[2026-01-01 13:08:56] INFO - watchfiles.main - 1 change detected
[2026-01-01 13:08:57] INFO - watchfiles.main - 1 change detected
[2026-01-01 13:08:57] INFO - watchfiles.main - 1 change detected
[2026-01-01 13:08:58] INFO - watchfiles.main - 1 change detected
[2026-01-01 13:08:58] INFO - watchfiles.main - 1 change detected
[2026-01-01 13:08:58] INFO - watchfiles.main - 1 change detected
[2026-01-01 13:08:59] INFO - watchfiles.main - 1 change detected
[2026-01-01 13:08:59] INFO - watchfiles.main - 1 change detected
[2026-01-01 13:09:00] INFO - watchfiles.main - 1 change detected
[2026-01-01 13:09:00] INFO - watchfiles.main - 1 change detected
[2026-01-01 13:09:00] INFO - watchfiles.main - 1 change detected
[2026-01-01 13:09:01] INFO - watchfiles.main - 1 change detected
[2026-01-01 13:09:01] INFO - watchfiles.main - 1 change detected
[2026-01-01 13:09:02] INFO - watchfiles.main - 1 change detected
[2026-01-01 13:09:02] INFO - watchfiles.main - 1 change detected
[2026-01-01 13:09:02] INFO - watchfiles.main - 1 change detected
[2026-01-01 13:09:03] INFO - watchfiles.main - 1 change detected
[2026-01-01 13:09:03] INFO - watchfiles.main - 1 change detected
[2026-01-01 13:09:04] INFO - watchfiles.main - 1 change detected
[2026-01-01 13:09:04] INFO - watchfiles.main - 1 change detected
[2026-01-01 13:09:04] INFO - watchfiles.main - 1 change detected
[2026-01-01 13:09:05] INFO - watchfiles.main - 1 change detected
[2026-01-01 13:09:05] INFO - watchfiles.main - 1 change detected
[2026-01-01 13:09:06] INFO - watchfiles.main - 1 change detected
[2026-01-01 13:09:06] INFO - watchfiles.main - 1 change detected
[2026-01-01 13:09:06] INFO - watchfiles.main - 1 change detected
[2026-01-01 13:09:07] INFO - watchfiles.main - 1 change detected
[2026-01-01 13:09:07] INFO - watchfiles.main - 1 change detected
[2026-01-01 13:09:08] INFO - watchfiles.main - 1 change detected
[2026-01-01 13:09:08] INFO - watchfiles.main - 1 change detected
[2026-01-01 13:09:08] INFO - watchfiles.main - 1 change detected
[2026-01-01 13:09:09] INFO - watchfiles.main - 1 change detected
[2026-01-01 13:09:09] INFO - watchfiles.main - 1 change detected
[2026-01-01 13:09:10] INFO - watchfiles.main - 1 change detected
[2026-01-01 13:09:10] INFO - watchfiles.main - 1 change detected
[2026-01-01 13:09:10] INFO - watchfiles.main - 1 change detected
[2026-01-01 13:09:11] INFO - watchfiles.main - 1 change detected
[2026-01-01 13:10:14] WARNING - ai.ai_engine - Quantum computing libraries not available - running in classical mode
[2026-01-01 13:10:14] WARNING - ai.ai_engine - Federated learning libraries not available
[2026-01-01 13:10:14] WARNING - ai.ai_engine - Causal inference libraries not available
[2026-01-01 13:10:14] WARNING - ai.ai_engine - Meta-learning libraries not available
[2026-01-01 13:10:14] WARNING - ai.ai_engine - Self-supervised learning libraries not available
[2026-01-01 13:10:14] WARNING - ai.ai_engine - Multi-modal learning libraries not available
[2026-01-01 13:10:14] WARNING - ai.ai_engine - Neural architecture search libraries not available
[2026-01-01 13:10:14] WARNING - ai.ai_engine - Advanced Bayesian optimization libraries not available
[2026-01-01 13:10:14] WARNING - ai.ai_engine - Real-time adaptation libraries not available
[2026-01-01 13:10:14] WARNING - ai.ai_engine - Cognitive computing libraries not available
[2026-01-01 13:10:14] INFO - ai.ai_engine - 🎓 ULTRA-ADVANCED CLAS2E AI v5.0 - COMPLETE ECOSYSTEM INTELLIGENCE ACTIVE! 🚀📚🤖
[2026-01-01 13:10:14] INFO - __main__ - 🎓 🚀 Starting Clas2e AI Ecosystem v6.0
[2026-01-01 13:10:14] INFO - __main__ - 🌐 Frontend: http://localhost:3000
[2026-01-01 13:10:14] INFO - __main__ - 🔗 API Docs: http://localhost:8000/docs
[2026-01-01 13:10:14] INFO - __main__ - 🧪 Test Suite: python test_ai_system.py
[2026-01-01 13:10:14] INFO - __main__ - ============================================================
[2026-01-01 13:12:04] INFO - __main__ - 🎓 🚀 Starting Clas2e AI Ecosystem v6.0
[2026-01-01 13:12:04] INFO - __main__ - 🌐 Frontend: http://localhost:3000
[2026-01-01 13:12:04] INFO - __main__ - 🔗 API Docs: http://localhost:8000/docs
[2026-01-01 13:12:04] INFO - __main__ - 🧪 Test Suite: python test_ai_system.py
[2026-01-01 13:12:04] INFO - __main__ - ============================================================
[2026-01-01 13:12:04] WARNING - ai.ai_engine - Quantum computing libraries not available - running in classical mode
[2026-01-01 13:12:04] WARNING - ai.ai_engine - Federated learning libraries not available
[2026-01-01 13:12:04] WARNING - ai.ai_engine - Causal inference libraries not available
[2026-01-01 13:12:04] WARNING - ai.ai_engine - Meta-learning libraries not available
[2026-01-01 13:12:04] WARNING - ai.ai_engine - Self-supervised learning libraries not available
[2026-01-01 13:12:04] WARNING - ai.ai_engine - Multi-modal learning libraries not available
[2026-01-01 13:12:04] WARNING - ai.ai_engine - Neural architecture search libraries not available
[2026-01-01 13:12:04] WARNING - ai.ai_engine - Advanced Bayesian optimization libraries not available
[2026-01-01 13:12:04] WARNING - ai.ai_engine - Real-time adaptation libraries not available
[2026-01-01 13:12:04] WARNING - ai.ai_engine - Cognitive computing libraries not available
[2026-01-01 13:12:04] INFO - ai.ai_engine - 🎓 ULTRA-ADVANCED CLAS2E AI v5.0 - COMPLETE ECOSYSTEM INTELLIGENCE ACTIVE! 🚀📚🤖
[2026-01-01 13:12:04] INFO - uvicorn.error - Started server process [35760]
[2026-01-01 13:12:04] INFO - uvicorn.error - Waiting for application startup.
[2026-01-01 13:12:04] INFO - app.main - 🎓 🚀 Starting Clas2e AI Ecosystem v6.0...
[2026-01-01 13:12:04] INFO - ai.ai_engine - 🚀 Starting UltraAdvancedAIEngine v3.0 initialization...
[2026-01-01 13:12:04] INFO - ai.ai_engine - 🧠 Initializing deep learning models...
[2026-01-01 13:12:04] INFO - ai.ai_engine - ✅ Deep learning models initialized
[2026-01-01 13:12:04] INFO - ai.ai_engine - 🎮 Initializing reinforcement learning systems...
[2026-01-01 13:12:04] INFO - ai.ai_engine - Training RL agents for badge optimization...
[2026-01-01 13:12:04] INFO - ai.ai_engine - Training PPO agent...
[2026-01-01 13:12:12] ERROR - ai.ai_engine - ❌ Error during training: I/O operation on closed file.
[2026-01-01 13:12:12] ERROR - ai.ai_engine - ❌ Failed to initialize UltraAdvancedAIEngine v3.0: I/O operation on closed file.
[2026-01-01 13:12:12] WARNING - app.main - AI Engine initialization failed: I/O operation on closed file.
[2026-01-01 13:12:12] INFO - uvicorn.error - Application startup complete.
[2026-01-01 13:12:12] INFO - uvicorn.error - Uvicorn running on http://0.0.0.0:8000 (Press CTRL+C to quit)
[2026-01-01 13:12:26] INFO - uvicorn.error - Shutting down
[2026-01-01 13:12:26] INFO - uvicorn.error - Waiting for application shutdown.
[2026-01-01 13:12:26] INFO - app.main - 🛑 Shutting down Clas2e AI Ecosystem...
[2026-01-01 13:12:26] INFO - uvicorn.error - Application shutdown complete.
[2026-01-01 13:12:26] INFO - uvicorn.error - Finished server process [35760]
[2026-01-01 13:13:24] INFO - __main__ - 🎓 🚀 Starting Clas2e AI Ecosystem v6.0
[2026-01-01 13:13:24] INFO - __main__ - 🌐 Frontend: http://localhost:3000
[2026-01-01 13:13:24] INFO - __main__ - 🔗 API Docs: http://localhost:8000/docs
[2026-01-01 13:13:24] INFO - __main__ - 🧪 Test Suite: python test_ai_system.py
[2026-01-01 13:13:24] INFO - __main__ - ============================================================
[2026-01-01 13:13:25] WARNING - ai.ai_engine - Quantum computing libraries not available - running in classical mode
[2026-01-01 13:13:25] WARNING - ai.ai_engine - Federated learning libraries not available
[2026-01-01 13:13:25] WARNING - ai.ai_engine - Causal inference libraries not available
[2026-01-01 13:13:25] WARNING - ai.ai_engine - Meta-learning libraries not available
[2026-01-01 13:13:25] WARNING - ai.ai_engine - Self-supervised learning libraries not available
[2026-01-01 13:13:25] WARNING - ai.ai_engine - Multi-modal learning libraries not available
[2026-01-01 13:13:25] WARNING - ai.ai_engine - Neural architecture search libraries not available
[2026-01-01 13:13:25] WARNING - ai.ai_engine - Advanced Bayesian optimization libraries not available
[2026-01-01 13:13:25] WARNING - ai.ai_engine - Real-time adaptation libraries not available
[2026-01-01 13:13:25] WARNING - ai.ai_engine - Cognitive computing libraries not available
[2026-01-01 13:13:25] INFO - ai.ai_engine - 🎓 ULTRA-ADVANCED CLAS2E AI v5.0 - COMPLETE ECOSYSTEM INTELLIGENCE ACTIVE! 🚀📚🤖
[2026-01-01 13:13:25] INFO - uvicorn.error - Started server process [36820]
[2026-01-01 13:13:25] INFO - uvicorn.error - Waiting for application startup.
[2026-01-01 13:13:25] INFO - app.main - 🎓 🚀 Starting Clas2e AI Ecosystem v6.0...
[2026-01-01 13:13:25] INFO - ai.ai_engine - 🚀 Starting UltraAdvancedAIEngine v3.0 initialization...
[2026-01-01 13:13:25] INFO - ai.ai_engine - 🧠 Initializing deep learning models...
[2026-01-01 13:13:25] INFO - ai.ai_engine - ✅ Deep learning models initialized
[2026-01-01 13:13:25] INFO - ai.ai_engine - 🎮 Initializing reinforcement learning systems...
[2026-01-01 13:13:25] INFO - ai.ai_engine - Training RL agents for badge optimization...
[2026-01-01 13:13:25] INFO - ai.ai_engine - Training PPO agent...
[2026-01-01 13:13:32] ERROR - ai.ai_engine - ❌ Error during training: I/O operation on closed file.
[2026-01-01 13:13:32] ERROR - ai.ai_engine - ❌ Failed to initialize UltraAdvancedAIEngine v3.0: I/O operation on closed file.
[2026-01-01 13:13:32] WARNING - app.main - AI Engine initialization failed: I/O operation on closed file.
[2026-01-01 13:13:32] INFO - uvicorn.error - Application startup complete.
[2026-01-01 13:13:32] INFO - uvicorn.error - Uvicorn running on http://0.0.0.0:8000 (Press CTRL+C to quit)
[2026-01-01 13:13:35] INFO - uvicorn.error - Shutting down
[2026-01-01 13:13:35] INFO - uvicorn.error - Waiting for application shutdown.
[2026-01-01 13:13:35] INFO - app.main - 🛑 Shutting down Clas2e AI Ecosystem...
[2026-01-01 13:13:35] INFO - uvicorn.error - Application shutdown complete.
[2026-01-01 13:13:35] INFO - uvicorn.error - Finished server process [36820]
[2026-01-01 13:14:35] INFO - __main__ - 🎓 🚀 Starting Clas2e AI Ecosystem v6.0
[2026-01-01 13:14:35] INFO - __main__ - 🌐 Frontend: http://localhost:3000
[2026-01-01 13:14:35] INFO - __main__ - 🔗 API Docs: http://localhost:8000/docs
[2026-01-01 13:14:35] INFO - __main__ - 🧪 Test Suite: python test_ai_system.py
[2026-01-01 13:14:35] INFO - __main__ - ============================================================
[2026-01-01 13:14:35] WARNING - ai.ai_engine - Quantum computing libraries not available - running in classical mode
[2026-01-01 13:14:35] WARNING - ai.ai_engine - Federated learning libraries not available
[2026-01-01 13:14:35] WARNING - ai.ai_engine - Causal inference libraries not available
[2026-01-01 13:14:35] WARNING - ai.ai_engine - Meta-learning libraries not available
[2026-01-01 13:14:35] WARNING - ai.ai_engine - Self-supervised learning libraries not available
[2026-01-01 13:14:35] WARNING - ai.ai_engine - Multi-modal learning libraries not available
[2026-01-01 13:14:35] WARNING - ai.ai_engine - Neural architecture search libraries not available
[2026-01-01 13:14:35] WARNING - ai.ai_engine - Advanced Bayesian optimization libraries not available
[2026-01-01 13:14:35] WARNING - ai.ai_engine - Real-time adaptation libraries not available
[2026-01-01 13:14:35] WARNING - ai.ai_engine - Cognitive computing libraries not available
[2026-01-01 13:14:35] INFO - ai.ai_engine - 🎓 ULTRA-ADVANCED CLAS2E AI v5.0 - COMPLETE ECOSYSTEM INTELLIGENCE ACTIVE! 🚀📚🤖
[2026-01-01 13:14:35] INFO - uvicorn.error - Started server process [33964]
[2026-01-01 13:14:35] INFO - uvicorn.error - Waiting for application startup.
[2026-01-01 13:14:35] INFO - app.main - 🎓 🚀 Starting Clas2e AI Ecosystem v6.0...
[2026-01-01 13:14:35] INFO - ai.ai_engine - 🚀 Starting UltraAdvancedAIEngine v3.0 initialization...
[2026-01-01 13:14:35] INFO - ai.ai_engine - 🧠 Initializing deep learning models...
[2026-01-01 13:14:35] INFO - ai.ai_engine - ✅ Deep learning models initialized
[2026-01-01 13:14:35] INFO - ai.ai_engine - 🎮 Initializing reinforcement learning systems...
[2026-01-01 13:14:35] INFO - ai.ai_engine - Training RL agents for badge optimization...
[2026-01-01 13:14:35] INFO - ai.ai_engine - Training PPO agent...
[2026-01-01 13:14:42] ERROR - ai.ai_engine - ❌ Error during training: I/O operation on closed file.
[2026-01-01 13:14:42] ERROR - ai.ai_engine - ❌ Failed to initialize UltraAdvancedAIEngine v3.0: I/O operation on closed file.
[2026-01-01 13:14:42] WARNING - app.main - AI Engine initialization failed: I/O operation on closed file.
[2026-01-01 13:14:42] INFO - uvicorn.error - Application startup complete.
[2026-01-01 13:14:42] INFO - uvicorn.error - Uvicorn running on http://0.0.0.0:8000 (Press CTRL+C to quit)
[2026-01-01 13:14:47] INFO - uvicorn.error - Shutting down
[2026-01-01 13:14:48] INFO - uvicorn.error - Waiting for application shutdown.
[2026-01-01 13:14:48] INFO - app.main - 🛑 Shutting down Clas2e AI Ecosystem...
[2026-01-01 13:14:48] INFO - uvicorn.error - Application shutdown complete.
[2026-01-01 13:14:48] INFO - uvicorn.error - Finished server process [33964]
[2026-01-01 13:15:59] INFO - __main__ - 🎓 🚀 Starting Clas2e AI Ecosystem v6.0
[2026-01-01 13:15:59] INFO - __main__ - 🌐 Frontend: http://localhost:3000
[2026-01-01 13:15:59] INFO - __main__ - 🔗 API Docs: http://localhost:8000/docs
[2026-01-01 13:15:59] INFO - __main__ - 🧪 Test Suite: python test_ai_system.py
[2026-01-01 13:15:59] INFO - __main__ - ============================================================
[2026-01-01 13:15:59] WARNING - ai.ai_engine - Quantum computing libraries not available - running in classical mode
[2026-01-01 13:15:59] WARNING - ai.ai_engine - Federated learning libraries not available
[2026-01-01 13:15:59] WARNING - ai.ai_engine - Causal inference libraries not available
[2026-01-01 13:15:59] WARNING - ai.ai_engine - Meta-learning libraries not available
[2026-01-01 13:15:59] WARNING - ai.ai_engine - Self-supervised learning libraries not available
[2026-01-01 13:15:59] WARNING - ai.ai_engine - Multi-modal learning libraries not available
[2026-01-01 13:15:59] WARNING - ai.ai_engine - Neural architecture search libraries not available
[2026-01-01 13:15:59] WARNING - ai.ai_engine - Advanced Bayesian optimization libraries not available
[2026-01-01 13:15:59] WARNING - ai.ai_engine - Real-time adaptation libraries not available
[2026-01-01 13:15:59] WARNING - ai.ai_engine - Cognitive computing libraries not available
[2026-01-01 13:15:59] INFO - ai.ai_engine - 🎓 ULTRA-ADVANCED CLAS2E AI v5.0 - COMPLETE ECOSYSTEM INTELLIGENCE ACTIVE! 🚀📚🤖
[2026-01-01 13:15:59] INFO - uvicorn.error - Started server process [36260]
[2026-01-01 13:15:59] INFO - uvicorn.error - Waiting for application startup.
[2026-01-01 13:15:59] INFO - app.main - 🎓 🚀 Starting Clas2e AI Ecosystem v6.0...
[2026-01-01 13:15:59] INFO - ai.ai_engine - 🚀 Starting UltraAdvancedAIEngine v3.0 initialization...
[2026-01-01 13:15:59] INFO - ai.ai_engine - 🧠 Initializing deep learning models...
[2026-01-01 13:15:59] INFO - ai.ai_engine - ✅ Deep learning models initialized
[2026-01-01 13:15:59] INFO - ai.ai_engine - 🎮 Initializing reinforcement learning systems...
[2026-01-01 13:15:59] INFO - ai.ai_engine - Training RL agents for badge optimization...
[2026-01-01 13:15:59] INFO - ai.ai_engine - Training PPO agent...
[2026-01-01 13:16:07] ERROR - ai.ai_engine - ❌ Error during training: I/O operation on closed file.
[2026-01-01 13:16:07] ERROR - ai.ai_engine - ❌ Failed to initialize UltraAdvancedAIEngine v3.0: I/O operation on closed file.
[2026-01-01 13:16:07] WARNING - app.main - AI Engine initialization failed: I/O operation on closed file.
[2026-01-01 13:16:07] INFO - uvicorn.error - Application startup complete.
[2026-01-01 13:16:07] INFO - uvicorn.error - Uvicorn running on http://0.0.0.0:8000 (Press CTRL+C to quit)
[2026-01-01 13:16:10] INFO - uvicorn.error - Shutting down
[2026-01-01 13:16:10] INFO - uvicorn.error - Waiting for application shutdown.
[2026-01-01 13:16:10] INFO - app.main - 🛑 Shutting down Clas2e AI Ecosystem...
[2026-01-01 13:16:10] INFO - uvicorn.error - Application shutdown complete.
[2026-01-01 13:16:10] INFO - uvicorn.error - Finished server process [36260]
